<?xml version="1.0" encoding="UTF-8"?>
<!-- Generated by org.testng.reporters.JUnitReportReporter -->
<testsuite hostname="DESKTOP-QK46S2F" failures="0" tests="5" name="com.TestNG.Priority_TestNG" time="0.027" errors="0" timestamp="2022-12-06T11:39:18 GMT" skipped="0">
  <testcase classname="com.TestNG.Priority_TestNG" name="fifthTestCase" time="0.015"/>
  <system-out/>
  <testcase classname="com.TestNG.Priority_TestNG" name="firstTestCase" time="0.004"/>
  <system-out/>
  <testcase classname="com.TestNG.Priority_TestNG" name="secondTestCase" time="0.003"/>
  <system-out/>
  <testcase classname="com.TestNG.Priority_TestNG" name="thirdTestCase" time="0.003"/>
  <system-out/>
  <testcase classname="com.TestNG.Priority_TestNG" name="fourthTestCase" time="0.002"/>
  <system-out/>
</testsuite> <!-- com.TestNG.Priority_TestNG -->
