<?xml version="1.0" encoding="UTF-8"?>
<!-- Generated by org.testng.reporters.JUnitReportReporter -->
<testsuite hostname="DESKTOP-QK46S2F" failures="0" tests="1" name="com.TestNG.Parameterized_TestNG" time="0.012" errors="0" timestamp="2022-12-07T15:35:04 GMT" skipped="0">
  <testcase classname="com.TestNG.Parameterized_TestNG" name="credential" time="0.012"/>
  <system-out/>
</testsuite> <!-- com.TestNG.Parameterized_TestNG -->
