<?xml version="1.0" encoding="UTF-8"?>
<!-- Generated by org.testng.reporters.JUnitReportReporter -->
<testsuite hostname="DESKTOP-QK46S2F" failures="0" tests="5" name="com.TestNG.Dependency_TestNG" time="0.022" errors="0" timestamp="2022-12-06T11:40:22 GMT" skipped="0">
  <testcase classname="com.TestNG.Dependency_TestNG" name="secondTestCase" time="0.002"/>
  <system-out/>
  <testcase classname="com.TestNG.Dependency_TestNG" name="fifthTestCase" time="0.001"/>
  <system-out/>
  <testcase classname="com.TestNG.Dependency_TestNG" name="fourthTestCase" time="0.001"/>
  <system-out/>
  <testcase classname="com.TestNG.Dependency_TestNG" name="thirdTestCase" time="0.005"/>
  <system-out/>
  <testcase classname="com.TestNG.Dependency_TestNG" name="firstTestCase" time="0.013"/>
  <system-out/>
</testsuite> <!-- com.TestNG.Dependency_TestNG -->
