<?xml version="1.0" encoding="UTF-8"?>
<!-- Generated by org.testng.reporters.JUnitReportReporter -->
<testsuite hostname="DESKTOP-QK46S2F" failures="0" tests="11" name="com.TestNG.InvocationCount_TestNG" time="0.048" errors="0" timestamp="2022-12-06T13:56:53 GMT" skipped="0">
  <testcase classname="com.TestNG.InvocationCount_TestNG" name="firstTestCase" time="0.008"/>
  <system-out/>
  <testcase classname="com.TestNG.InvocationCount_TestNG" name="firstTestCase" time="0.010"/>
  <system-out/>
  <testcase classname="com.TestNG.InvocationCount_TestNG" name="secondTestCase" time="0.003"/>
  <system-out/>
  <testcase classname="com.TestNG.InvocationCount_TestNG" name="secondTestCase" time="0.007"/>
  <system-out/>
  <testcase classname="com.TestNG.InvocationCount_TestNG" name="thirdTestCase" time="0.002"/>
  <system-out/>
  <testcase classname="com.TestNG.InvocationCount_TestNG" name="thirdTestCase" time="0.004"/>
  <system-out/>
  <testcase classname="com.TestNG.InvocationCount_TestNG" name="thirdTestCase" time="0.003"/>
  <system-out/>
  <testcase classname="com.TestNG.InvocationCount_TestNG" name="thirdTestCase" time="0.003"/>
  <system-out/>
  <testcase classname="com.TestNG.InvocationCount_TestNG" name="fourthTestCase" time="0.002"/>
  <system-out/>
  <testcase classname="com.TestNG.InvocationCount_TestNG" name="fourthTestCase" time="0.001"/>
  <system-out/>
  <testcase classname="com.TestNG.InvocationCount_TestNG" name="fifthTestCase" time="0.005"/>
  <system-out/>
</testsuite> <!-- com.TestNG.InvocationCount_TestNG -->
