<?xml version="1.0" encoding="UTF-8"?>
<!-- Generated by org.testng.reporters.JUnitReportReporter -->
<testsuite hostname="DESKTOP-QK46S2F" failures="0" tests="5" name="com.TestNG.Ignore_TestNG" time="0.028" errors="0" timestamp="2022-12-06T11:40:09 GMT" skipped="1">
  <testcase classname="com.TestNG.Ignore_TestNG" name="firstTestCase" time="0.013"/>
  <system-out/>
  <testcase classname="com.TestNG.Ignore_TestNG" name="secondTestCase" time="0.002"/>
  <system-out/>
  <testcase classname="com.TestNG.Ignore_TestNG" name="thirdTestCase" time="0.003"/>
  <system-out/>
  <testcase classname="com.TestNG.Ignore_TestNG" name="fourthTestCase" time="0.010"/>
  <system-out/>
  <testcase classname="com.TestNG.Ignore_TestNG" name="fifthTestCase">
    <skipped/>
  </testcase> <!-- fifthTestCase -->
  <system-out/>
</testsuite> <!-- com.TestNG.Ignore_TestNG -->
