<?xml version="1.0" encoding="UTF-8"?>
<!-- Generated by org.testng.reporters.JUnitReportReporter -->
<testsuite hostname="DESKTOP-QK46S2F" failures="0" tests="3" name="com.TestNG.TestNG_Class" time="6.444" errors="0" timestamp="2022-12-06T13:22:55 GMT" skipped="0">
  <testcase classname="com.TestNG.TestNG_Class" name="instagram" time="1.716"/>
  <system-out/>
  <testcase classname="com.TestNG.TestNG_Class" name="faceBook" time="1.195"/>
  <system-out/>
  <testcase classname="com.TestNG.TestNG_Class" name="youtube" time="3.533"/>
  <system-out/>
</testsuite> <!-- com.TestNG.TestNG_Class -->
