<?xml version="1.0" encoding="UTF-8"?>
<!-- Generated by org.testng.reporters.JUnitReportReporter -->
<testsuite hostname="DESKTOP-QK46S2F" failures="0" tests="5" name="com.TestNG.TestNG" time="0.029" errors="0" timestamp="2022-12-06T11:38:24 GMT" skipped="0">
  <testcase classname="com.TestNG.TestNG" name="fourthTestCase" time="0.005"/>
  <system-out/>
  <testcase classname="com.TestNG.TestNG" name="secondTestCase" time="0.003"/>
  <system-out/>
  <testcase classname="com.TestNG.TestNG" name="fifthTestCase" time="0.012"/>
  <system-out/>
  <testcase classname="com.TestNG.TestNG" name="thirdTestCase" time="0.007"/>
  <system-out/>
  <testcase classname="com.TestNG.TestNG" name="firstTestCase" time="0.002"/>
  <system-out/>
</testsuite> <!-- com.TestNG.TestNG -->
