<?xml version="1.0" encoding="UTF-8"?>
<!-- Generated by org.testng.reporters.JUnitReportReporter -->
<testsuite hostname="DESKTOP-QK46S2F" failures="0" tests="2" name="com.TestNG.Grouping_TestNG" time="0.011" errors="0" timestamp="2022-12-06T14:54:19 GMT" skipped="0">
  <testcase classname="com.TestNG.Grouping_TestNG" name="firstTestCase" time="0.009"/>
  <system-out/>
  <testcase classname="com.TestNG.Grouping_TestNG" name="secondTestCase" time="0.002"/>
  <system-out/>
</testsuite> <!-- com.TestNG.Grouping_TestNG -->
